android/app/build/intermediates/manifest_merge_blame_file/debug/manifest-merger-blame-debug-report.txt
1<?xml version="1.0" encoding="utf-8"?>
2<manifest xmlns:android="http://schemas.android.com/apk/res/android"
3    package="com.jocloud.rtc.demo"
4    android:versionCode="1"
5    android:versionName="1.0.0" >
6
7    <uses-sdk
8        android:minSdkVersion="16"
9        android:targetSdkVersion="29" />
10
11    <uses-permission android:name="android.permission.SYSTEM_ALERT_WINDOW" />
11-->src/main/AndroidManifest.xml:5:5-78
11-->src/main/AndroidManifest.xml:5:22-75
12    <uses-permission android:name="android.permission.INTERNET" />
12-->src/main/AndroidManifest.xml:4:5-67
12-->src/main/AndroidManifest.xml:4:22-64
13    <uses-permission android:name="android.permission.RECORD_AUDIO" />
13-->src/main/AndroidManifest.xml:6:5-71
13-->src/main/AndroidManifest.xml:6:22-68
14    <uses-permission android:name="android.permission.CAMERA" />
14-->src/main/AndroidManifest.xml:7:5-65
14-->src/main/AndroidManifest.xml:7:22-62
15    <uses-permission android:name="android.permission.MODIFY_AUDIO_SETTINGS" />
15-->src/main/AndroidManifest.xml:8:5-80
15-->src/main/AndroidManifest.xml:8:22-77
16    <uses-permission android:name="android.permission.ACCESS_NETWORK_STATE" />
16-->src/main/AndroidManifest.xml:9:5-79
16-->src/main/AndroidManifest.xml:9:22-76
17    <uses-permission android:name="android.permission.READ_EXTERNAL_STORAGE" />
17-->src/main/AndroidManifest.xml:10:5-80
17-->src/main/AndroidManifest.xml:10:22-77
18    <uses-permission android:name="android.permission.WRITE_EXTERNAL_STORAGE" />
18-->src/main/AndroidManifest.xml:11:5-81
18-->src/main/AndroidManifest.xml:11:22-78
19    <uses-permission android:name="android.permission.BLUETOOTH" />
19-->src/main/AndroidManifest.xml:12:5-68
19-->src/main/AndroidManifest.xml:12:22-65
20    <uses-permission android:name="android.permission.BLUETOOTH_ADMIN" />
20-->src/main/AndroidManifest.xml:13:5-74
20-->src/main/AndroidManifest.xml:13:22-71
21    <uses-permission android:name="android.permission.ACCESS_WIFI_STATE" />
21-->[com.facebook.flipper:flipper:0.37.0] AndroidManifest.xml:16:5-76
21-->[com.facebook.flipper:flipper:0.37.0] AndroidManifest.xml:16:22-73
22    <uses-permission android:name="android.permission.CHANGE_WIFI_STATE" />
22-->[tv.athena:platform:2.2.7] AndroidManifest.xml:12:5-76
22-->[tv.athena:platform:2.2.7] AndroidManifest.xml:12:22-73
23
24    <supports-screens
24-->[tv.athena:platform:2.2.7] AndroidManifest.xml:16:5-20:40
25        android:anyDensity="true"
25-->[tv.athena:platform:2.2.7] AndroidManifest.xml:17:9-34
26        android:largeScreens="true"
26-->[tv.athena:platform:2.2.7] AndroidManifest.xml:18:9-36
27        android:normalScreens="true"
27-->[tv.athena:platform:2.2.7] AndroidManifest.xml:19:9-37
28        android:xlargeScreens="true" />
28-->[tv.athena:platform:2.2.7] AndroidManifest.xml:20:9-37
29
30    <uses-permission android:name="android.permission.WAKE_LOCK" />
30-->[tv.athena:filetransfer:2.2.7] AndroidManifest.xml:13:5-68
30-->[tv.athena:filetransfer:2.2.7] AndroidManifest.xml:13:22-65
31
32    <application
32-->src/main/AndroidManifest.xml:15:5-34:19
33        android:name="com.jocloud.rtc.demo.ThunderApplication"
33-->src/main/AndroidManifest.xml:16:9-43
34        android:allowBackup="true"
34-->src/main/AndroidManifest.xml:17:9-35
35        android:appComponentFactory="androidx.core.app.CoreComponentFactory"
35-->[androidx.core:core:1.1.0] AndroidManifest.xml:24:18-86
36        android:debuggable="true"
37        android:icon="@mipmap/ic_launcher"
37-->src/main/AndroidManifest.xml:18:9-43
38        android:label="@string/app_name"
38-->src/main/AndroidManifest.xml:19:9-41
39        android:roundIcon="@mipmap/ic_launcher_round"
39-->src/main/AndroidManifest.xml:20:9-54
40        android:supportsRtl="true"
40-->[com.rtc.thunder:thunderbolt:3.0.27] AndroidManifest.xml:20:9-35
41        android:theme="@style/AppTheme"
41-->src/main/AndroidManifest.xml:21:9-40
42        android:usesCleartextTraffic="true" >
42-->src/debug/AndroidManifest.xml:7:18-53
43        <activity
43-->src/main/AndroidManifest.xml:22:9-33:20
44            android:name="com.jocloud.rtc.demo.MainActivity"
44-->src/main/AndroidManifest.xml:23:13-41
45            android:configChanges="keyboard|keyboardHidden|orientation|screenSize|uiMode"
45-->src/main/AndroidManifest.xml:24:13-90
46            android:label="@string/app_name"
46-->src/main/AndroidManifest.xml:25:13-45
47            android:launchMode="singleTask"
47-->src/main/AndroidManifest.xml:26:13-44
48            android:screenOrientation="portrait"
48-->src/main/AndroidManifest.xml:27:13-49
49            android:windowSoftInputMode="adjustResize" >
49-->src/main/AndroidManifest.xml:28:13-55
50            <intent-filter>
50-->src/main/AndroidManifest.xml:29:13-32:29
51                <action android:name="android.intent.action.MAIN" />
51-->src/main/AndroidManifest.xml:30:17-69
51-->src/main/AndroidManifest.xml:30:25-66
52
53                <category android:name="android.intent.category.LAUNCHER" />
53-->src/main/AndroidManifest.xml:31:17-77
53-->src/main/AndroidManifest.xml:31:27-74
54            </intent-filter>
55        </activity>
56        <activity
56-->[tv.athena:platform:2.2.7] AndroidManifest.xml:23:9-29:52
57            android:name="tv.athena.platform.multidex.LoadDexActivity"
57-->[tv.athena:platform:2.2.7] AndroidManifest.xml:24:13-71
58            android:alwaysRetainTaskState="false"
58-->[tv.athena:platform:2.2.7] AndroidManifest.xml:25:13-50
59            android:excludeFromRecents="true"
59-->[tv.athena:platform:2.2.7] AndroidManifest.xml:26:13-46
60            android:launchMode="singleTask"
60-->[tv.athena:platform:2.2.7] AndroidManifest.xml:27:13-44
61            android:process=":athena_async_multiDex_load"
61-->[tv.athena:platform:2.2.7] AndroidManifest.xml:28:13-58
62            android:screenOrientation="portrait" />
62-->[tv.athena:platform:2.2.7] AndroidManifest.xml:29:13-49
63
64        <service
64-->[tv.athena:filetransfer:2.2.7] AndroidManifest.xml:16:9-19:54
65            android:name="tv.athena.filetransfer.impl.service.FileTransferProcess"
65-->[tv.athena:filetransfer:2.2.7] AndroidManifest.xml:17:13-83
66            android:exported="false"
66-->[tv.athena:filetransfer:2.2.7] AndroidManifest.xml:18:13-37
67            android:process=":FileTransferProcess" />
67-->[tv.athena:filetransfer:2.2.7] AndroidManifest.xml:19:13-51
68
69        <provider
69-->[com.rtc.thunder:thunderbolt:3.0.27] AndroidManifest.xml:21:9-25:43
70            android:name="com.thunder.livesdk.system.ProcessLifecycleOwnerInitializer"
70-->[com.rtc.thunder:thunderbolt:3.0.27] AndroidManifest.xml:22:13-87
71            android:authorities="com.jocloud.rtc.demo.lifecycle-trojan"
71-->[com.rtc.thunder:thunderbolt:3.0.27] AndroidManifest.xml:23:13-68
72            android:exported="false"
72-->[com.rtc.thunder:thunderbolt:3.0.27] AndroidManifest.xml:24:13-37
73            android:multiprocess="true" />
73-->[com.rtc.thunder:thunderbolt:3.0.27] AndroidManifest.xml:25:13-40
74    </application>
75
76</manifest>